5OD1_A
5OD9_B
5OQK_A
5OVM_A
5W5P_A
5WB4_H
5XJO_E
5XKJ_F
5XKN_F
5Y08_A
5YA6_B
5YRQ_E
5YVQ_A
5YVQ_B
5Z2H_B
5Z2I_D
5Z34_A
5Z36_A
5Z3F_A
5Z3K_B
5Z6D_B
5Z7C_A
5Z8B_B
5Z9T_B
5ZB2_A
5ZER_B
5ZKE_A
5ZKH_B
5ZKT_B
5ZME_A
5ZNS_A
5ZOR_A
5ZT0_J
5ZT7_B
5ZX9_A
5ZYO_D
6A2W_A
6A5F_B
6A5G_B
6A68_A
6A83_A
6A9J_B
6A9W_A
6AAY_A
6AE1_B
6AE8_D
6AE9_B
6AEF_A
6AGH_B
6AGJ_B
6AHQ_T
6AIT_F
6AJJ_A
6AKJ_B
6BEA_A
6BS5_A
6BS5_B
6BWH_C
6BXS_C
6BXW_A
6BZJ_A
6BZK_A
6BZT_D
6CB6_A
6CCI_A
6CGO_B
6CK1_D
6CMK_A
6CP8_B
6CP8_D
6CP9_G
6CP9_H
6CPU_A
6CSV_D
6CUL_H
6CZ6_D
6CZT_A
6D0I_C
6D0I_D
6D2S_A
6D7Y_A
6D7Y_B
6D97_D
6D9F_B
6D9M_A
6DAN_D
6DFL_A
6DGN_B
6DII_L
6DKA_I
6DKM_G
6DLC_A
6DLO_A
6DRF_A
6DTD_A
6E0K_A
6E0M_A
6E3C_C
6E9B_D
6E9O_A
6EAZ_B
6EDB_B
6EGC_A
6FCG_F
6FTO_C
6FXD_B
6G1H_A
6G3B_B
6G70_B
6G7G_A
6G7O_A
6G8Y_A
6GCJ_A
6GDJ_B
6GHO_B
6GMA_F
6GMS_A
6GW7_A
6H2X_A
6H6N_B
6HC2_X
6HPV_A
6I1R_B
6I9H_A
6IAI_D
6IEH_A
6N0T_A
6N8P_A
6NU4_A
6NX4_A
6OHZ_A
