3aa0A 270
5cs0A 215
2z51A 154
3q64A 155
4p3aA 70
1nkzA 52
4d5tA 151
1jogA 135
4u89A 225
3wisA 180
1mkfA 371
1kaeA 434
4o8bA 101
2gfqA 288
4cmlA 310
1vrmA 309
4kwyA 137
2yfaA 236
1tnfA 152
3pivA 156
1nw1A 365
4ng0A 97
4qt9A 414
3no4A 264
3qd7X 131
3o4pA 314
3agnA 114
2yilA 131
4jivD 93
4fz4A 154
2g3vA 161
2o0qA 114
4levA 369
1t6t1 108
2fzpA 134
1rj8A 140
2z7fI 50
1dx5I 118
2gsoA 382
4tshB 485
3vtoA 99
2p3yA 461
3pcvA 146
3kfoA 213
3v6iB 101
4htiA 88
2q0tA 258
4l3uA 123
4pt1A 129
3c1qA 115
1ux5A 411
1h9mA 141
3oufA 93
4rt5A 101
3njcA 153
2q73A 90
1yz1A 146
5c50B 185
3hnxA 108
1knyA 253
1tr8A 92
4qicB 51
3f1iS 77
2fyuI 57
4ic9A 130
3iruA 276
2xu8A 116
3g7lA 55
3hshA 56
1vq0A 290
4z04A 124
2huhA 147
4dh2B 72
2p9xA 98
1m9zA 105
2czrA 226
2bh1X 68
3ghfA 100
4ui1C 72
2otaA 67
1vk1A 232
1su1A 184
3sfvB 342
2f5tX 233
1xyiA 66
2okuA 122
2h5nA 132
1kptA 105
2qc5A 298
2hueC 82
2i5vO 246
2gs5A 193
4lmoA 251
4njcA 60
3ronA 201
3g1pA 249
4m8aA 67
3ajfA 92
1j8uA 307
4u65A 131
1qzmA 94
3g5oA 92
3nymA 124
3adgA 72
4pawA 197
4me8A 117
2vg3A 284
5cj3A 126
3ib7A 295
3g20A 114
4b6dA 60
1ut1A 140
4id2A 136
2ib0A 142
4omfA 385
3n90A 145
3shgB 61
3kt9A 102
4x33A 60
3nz3A 100
3a57A 154
1yqhA 104
1iapA 190
3cedA 98
3kw6A 75
2ewcA 120
4o6uA 182
3alrA 63
1usyA 275
2ilkA 155
5aj8A 168
2fp1A 165
3iuwA 79
3l7hA 86
3dyjA 317
4xwjA 153
3kzpA 231
3qthA 172
4krdB 190
3zn4A 149
2zcaA 156
2p06A 84
4qhuC 119
1y0bA 193
3kp1E 109
1lrwB 83
2oyaA 102
3wu2H 63
4g0aA 312
1sr8A 282
4nt1A 200
1olpA 370
3u5vA 62
3fqmA 160
2wcwA 126
4x1zA 332
3zdmA 69
3l9aX 81
3hj7A 130
3ermA 67
3rf1A 292
1hc9A 74
3gp4A 132
4xb6A 144
1pv5A 261
3djmA 113
2ap3A 192
2y9wA 391
3kwrA 83
4qndA 97
1s7mA 158
1b9wA 91
3vc8A 81
5a61A 429
3retA 97
3aqeA 76
3ufiA 278
2okqA 127
3pmrA 195
2pnlA 203
4rb64 69
3eziA 104
4es6A 249
3ostA 119
1wq6A 59
2a40B 260
1zsoA 156
2dzdA 459
2xfnA 499
1ub4C 75
3s0aA 119
3bfqG 132
1y6xA 87
3ohgA 285
2wdqC 121
5a7zA 250
3kusA 82
4lirA 80
1nrwA 285
1xw3A 110
3eusA 85
4rohA 76
1u9dA 122
1mp9A 193
2ixmA 300
3veaA 149
3hlzA 268
3c8lA 121
3daoA 265
3i38A 103
4qlpB 199
1utyA 153
4gpaA 379
1tu1A 144
4q6vA 135
4l7iA 404
1o20A 414
1dp4A 425
3wdgB 110
3jtyA 388
3r0rA 194
2pieA 132
4igvA 149
4pedA 387
3s64A 81
1pcfA 66
4w4kB 173
3ix7A 131
4esqA 194
1ss4A 149
3cptB 116
2vqgA 76
3lzdA 340
2o70A 165
1f3uA 118
2yviA 89
4ezcA 345
4xbaA 199
2ohcA 289
3ulhA 84
5c50A 198
4rb5O 88
1p9yA 117
5cz3A 151
4ru0A 415
2onfA 140
1lmb3 87
1q7fA 279
1v2zA 106
3ct8A 133
4d40A 89
4ftdA 440
3h8dA 120
2isbA 184
4x2cA 207
3gwlA 106
4q2uA 84
2g8lA 285
2ppxA 62
1t8hA 272
2qswA 90
3bqwA 347
5cegB 103
3whrA 359
3ek6A 243
3bo6A 220
3byiA 211
1dm9A 104
3rt9A 489
2nzcA 80
5eqzA 138
2yzjA 158
4lflB 172
1pocA 134
2otnA 293
4phrA 277
1t4wA 196
2a6qA 86
1yb0A 157
2gf4A 89
2aj7A 157
3ej9B 59
4xu4A 189
4ng2E 94
2c1lA 358
4pz1A 97
1jb0D 138
1xkpC 126
1rfyA 89
3fprA 85
2gudA 121
3x38A 78
3txsA 89
4iohA 120
1tc5A 187
3vdoB 73
2qhfA 392
3vivA 219
3shoA 187
5a9pA 248
5a0nA 214
4mo0A 79
1v74B 87
4dooA 203
2ek0A 90
3h38A 424
1n81A 186
3l39A 209
1j6wA 161
2cwrA 97
3gt5A 391
4l9hA 155
4iajA 76
1ed1A 114
2dlbA 70
4oa3A 141
2fdoA 93
3tvqA 152
2pc6A 164
1vq2A 173
2wl8A 110
3qaoA 140
4zi2C 131
3nyiA 293
2hy7A 373
2p8rA 246
3giaA 433
4h5bA 152
2gecA 138
4oe9A 119
3l41A 214
3u2bC 76
3cqxC 81
2j3wA 142
4d79A 243
4nzrM 391
4a8xA 88
3fzyA 216
4pevA 370
4o66A 67
1ygtA 104
4gdzA 149
2oxoA 93
4od6A 82
2feaA 225
4b6xA 69
2z0jA 237
4zw9A 470
2iayA 114
3p2cA 445
3egnA 120
4dkcA 161
2f6mB 107
3zzhA 291
4w4kA 82
4n06A 346
3sj5A 185
4kq7A 373
1p5vB 136
1yarA 221
1vimA 192
4r9pA 210
4uzzA 108
4k6lG 224
4axiA 116
2ccvA 99
2yf2A 57
1dqnA 230
3ejhA 91
1xpjA 124
2cxcA 138
1jofA 365
2iwaA 254
1u61A 127
2efvA 82
2aibA 98
4wbeA 120
2vjeB 61
2dsyA 80
4j42A 80
3igmA 56
1kzyC 232
1f46A 139
2aplA 149
3g5oB 81
4aycA 136
1em2A 214
2fp3A 254
4j6oA 261
2rckA 221
2aorA 220
3wu2A 334
1vlaA 144
3uafA 117
3ty1A 384
2zl4A 173
2hy5C 101
2ppvA 325
4qtcA 330
1vjxA 149
4hr1A 118
1qwzA 235
2phnA 248
3of7A 438
5cegA 85
4espA 130
4bvqA 364
1hipA 85
3ajiB 73
2qziA 101
3facA 109
4fmlA 204
1hzfA 302
5by8B 85
2qklB 90
2d4uA 167
3rj2X 133
1hwtC 70
1l9lA 74
1gd8A 105
4oq9A 144
1n8vA 101
3o5tA 295
4tqjA 403
1iwpB 184
3sokA 151
3omyA 51
4n72A 246
2pliA 84
4h2wA 295
4l63B 105
1xhkA 185
3m9lA 201
4eytA 97
2ewtA 71
4fypA 228
1mhyG 167
4bjtA 152
3qqmA 215
5e3eB 114
1f3mA 70
2v3sA 96
2gruA 367
2ev1A 185
4yudA 87
4wkzB 184
2iw1A 370
2o4aA 84
4oi3A 81
2pa2A 108
2nllB 103
1ztdA 125
5cj1A 98
3bh7B 314
2xr4A 116
1z2nX 311
2wjnC 332
5ajeA 110
1we1A 222
3nctA 137
3fxdB 58
3zdkA 314
3eudA 99
2xzeA 141
4lorA 276
1fasA 61
4jphA 115
4oogA 109
3opcA 128
2vkjA 106
1twfC 266
4i9xC 105
2wh7A 152
3bm3A 259
1j3eA 115
1oygA 440
4zbwA 183
2qyaA 115
4pu7A 71
1r89A 437
4m16A 225
2wt7B 90
1s98A 97
3k29A 162
1uz3A 102
1v76A 92
2xxnA 143
1mw5A 162
3pkzA 124
2x9aA 61
4o7qA 94
3pvtA 304
3uk3C 52
4zheA 205
4a1kA 165
4rb6G 181
2rk0A 135
4ld1A 157
1vchA 168
3vqjA 213
2yvsA 219
3s7rA 81
3htrA 98
2yq2A 332
3fp5A 106
1dmuA 299
2f9hA 121
4tx5A 173
4fz2A 386
3k3kA 183
3cptA 119
1uteA 302
1vjqA 73
3ka5A 57
4jglA 152
2gibA 97
4u9bA 180
2zw2A 85
3uo3A 174
2eq5A 215
4djbA 118
3wscA 251
1hx6A 370
4exoA 146
2yevC 63
2fu2A 78
3lo3A 94
1qqp1 188
3wwtB 107
1nz0A 109
2r60A 456
3ck2A 174
2a8eA 210
1uunA 184
3o59X 244
4xb6B 194
2z0rA 97
3zsuA 118
1okcA 292
4gipA 81
1jsgA 111
1n7zA 328
3fv6A 145
4m6rA 224
3zfiA 93
2opeA 120
2j6bA 109
1tulA 102
4cs6A 260
2oc6A 124
4o1rA 142
3u27A 217
3jvoA 96
1sx5A 244
2czvC 118
1xe0A 108
4cnkA 391
2clbA 169
2yh5A 121
1rqpA 291
3bguA 106
1g5zA 164
4i1kA 118
3fmbA 103
2z6oA 166
2cwqA 126
3fh3A 146
4wkzA 231
4qy7A 93
1sj7A 167
2h1cA 139
3s9xA 159
4ofaA 142
5h9cA 78
3i41A 290
2xhiA 316
2xhgA 457
4a9zC 58
4d53A 133
4f98A 62
1uptB 58
3c4rA 124
1y2iA 109
4jqpA 330
4g7xA 92
4xaqA 443
2z0tA 109
4il7A 85
1werA 324
2hc8A 113
4nohA 167
2xz2A 66
4obmA 258
1xuvA 163
3f2eA 83
2fyuK 53
3zrxA 111
4hfiA 311
1no1A 67
1wlgA 293
1p5dX 455
3dcmX 188
3f08A 137
1zhvA 134
4g0xA 147
3bf0A 474
1f08A 148
2i06A 305
1n2fA 142
1nj1A 463
1dj0A 264
2azeB 101
4rpmA 395
1j8rA 196
3boeA 209
4g7nA 218
3lphA 62
1pugA 94
1z1yA 177
3ce9A 349
4bdxA 83
2po1B 267
3tekA 139
3dedA 87
4narA 420
3mjfA 429
2iuyA 340
2fc3A 124
1lxjA 104
1dj8A 79
4oebA 135
4zsfA 272
3vygB 152
1hz6A 67
4p0zA 117
2ehwA 115
2fiuA 96
3zzlA 70
2q8vA 53
4pwqA 162
4rgdA 70
4o6yA 210
2iybE 64
3omdA 145
2od6A 110
2d1pA 130
4u5rA 151
1hq0A 295
4g08A 140
4i3mA 150
3c0fB 85
3fpnA 118
1hw7A 229
2nwiA 160
1twfF 84
4rhoA 256
2ge7A 107
2e5yA 133
4fbcA 278
4ntqA 76
4rb68 64
1v30A 118
1wrdA 98
3bn7A 102
3rfiA 80
3v5wG 57
4ccsA 226
3zihA 79
2ph0A 161
1fp3A 402
1m8rA 124
4gqmA 105
2hfnA 149
3gxvA 122
4qbnA 93
1pbyB 337
3hwcA 482
3rkcA 147
2z02A 242
1dtdB 61
3salA 387
2wnyA 137
3wvaA 167
4uuwA 394
3cx5F 74
3fo5A 239
1s12A 94
3ju0A 95
4gxtA 382
1c5eA 95
1f1eA 151
2tgiA 112
2cz4A 100
2g8sA 348
3d0wA 86
3cx5G 126
3d3yA 425
3nppA 87
2ifaA 200
1jh6A 181
3a1jC 263
1qwyA 234
1uujA 76
4cs4A 268
1q5zA 145
2p2eA 119
2re3A 183
1el6A 208
1dcqA 276
1tjoA 180
4j2cA 108
2g3wA 179
1aolA 228
3vz9D 60
2xc8A 121
1lwbA 122
2qz7A 172
2d1lA 249
4i0xA 75
3kr3D 60
1bxyA 60
2d7vA 155
4f87A 61
3vhjA 162
3t47A 71
2ivyA 88
1ylqA 93
2be3A 203
3etnA 192
3v9rA 88
2ahnA 222
3jx9A 169
5c2uA 116
3vh5A 100
4ph8A 150
1zlhB 74
2ciwA 299
2qn6B 90
1w18A 492
4rzyA 439
2aneA 110
1gl4A 273
2bhwA 223
3nyyA 251
4etrA 121
3ndzE 107
3s6eA 113
1isuA 62
4qn8A 153
3on9A 160
4l1jA 188
2q4xA 512
2vvfA 269
4ghjA 73
1cshA 435
4qptA 215
4dhxB 91
3hi2B 97
3ocuA 247
2a2mA 231
2zdjA 69
3hcnA 359
1wc2A 180
4pkfB 69
3h3iA 138
3favA 74
3sovA 306
4ri2A 177
4c9rB 105
4cahB 109
3oseA 100
1r7lA 103
2a6hE 95
2r6uA 130
2pt7G 145
4x8eA 428
2x4kA 62
3fidA 296
3cjlA 88
3rx6A 187
4kt6A 254
2cmzA 409
4nomA 407
2bopA 85
3itfA 111
4k8wA 118
3rf2A 165
2bcgG 442
3rwnA 155
4m1xA 73
4wyhA 99
2b82A 211
4f6uB 267
3wnzA 465
1lpbA 85
4g6uA 213
4jwjA 193
2yskA 144
3qbgA 261
1qr0A 228
1qs0A 407
4fayA 227
2hlqA 100
3ju3A 116
1wruA 325
2hgsA 472
1s0pA 176
3teqA 100
1ofzA 312
5d16A 161
1y0hA 101
4goqA 108
3osjA 135
4ntqB 146
4lg3A 179
2x5hA 92
3abqB 252
4c69X 283
3p3gA 300
5c2iA 468
4o89A 341
3pvhA 153
1j3wA 134
1i8nA 89
2os5A 118
4ytwA 75
1tuaA 189
3jsyA 213
1yfnA 109
1kqfC 216
1qhdA 397
1wd5A 208
1td6A 286
2xetA 89
4q4w2 264
3ot2A 179
3w1zA 134
4wwfA 111
1y8qA 313
5d70A 115
1ijxA 125
2ouwA 135
1gotG 58
4ou6A 76
2fjrA 189
4n6cA 182
5cqfA 419
2ovsA 118
4lm6A 62
3d4eA 162
1vkbA 147
2wh6A 157
4o9lA 96
2gviA 201
4ux5A 113
1bx7A 51
5dmuA 301
3lvkB 76
2pn2A 137
3oq2A 99
3o3xA 198
3ceiA 213
3dhxA 99
4m6bA 185
2okmA 146
3hugB 62
1uxyA 340
2etsA 115
2q3tA 512
4znmA 443
1txoA 235
3ld7A 87
1vmjA 139
1lq9A 112
1b35B 255
3kg0A 97
4gzrA 58
4wz0A 109
3sscA 154
1x9iA 300
1khxA 202
3kdwA 206
3x2mA 180
2xcjA 84
2nscA 109
3ol3A 98
2q0oC 86
2oznB 131
1wdjA 186
1cjcA 455
2cy3A 118
2nteA 210
3dwaA 118
1ow4A 120
4bjqA 78
2a06H 66
2v4xA 131
4wpyA 88
3aonB 101
3no7A 60
1dvkA 149
3p96A 396
1w98B 270
4o8yB 166
4gmqA 92
2p6vA 97
2icwG 213
4o8wA 110
4athA 80
2xolA 168
3fymA 82
3sm4A 225
3qr7A 115
3mbhA 290
3t4rA 72
4oo0A 208
1regX 122
4e1pA 55
4mt4A 472
3vsjB 303
1r8hA 86
3m7aA 140
2ns9A 152
2x3vA 291
2xi8A 66
3jr1A 296
3pm9A 465
2a2lA 145
2o3bB 135
1c0pA 363
3ugoA 180
2p97A 201
4px8A 99
3ge3E 102
2od4A 101
1s4kA 120
3qyeA 317
4krwA 67
3a1pB 85
1fi4A 391
1sxrA 173
1wp5A 323
4anoA 209
2g5gX 255
3imkA 158
4gofA 52
3uepA 85
4psfA 134
4aghA 80
1mtyB 384
4ew5A 102
3o3mA 399
4qdgA 300
1i1rB 167
4o7kA 190
2bbeA 103
1yb3A 166
4b8rA 467
4al0A 146
3sngA 267
4ajyV 148
4mlmA 188
3etoA 232
1wscA 225
1kcmA 256
4qboA 92
4ciiA 180
1h21A 240
3o7bA 216
5a10A 352
3wb0A 158
3gwmA 129
1o4wA 125
3u7qA 477
4p6qA 286
3gygA 285
1rzhH 238
2xtcA 74
4rfuA 117
3tdwA 302
2yorA 324
3axjA 225
1eayC 67
2p90A 269
1xg2B 151
3amrA 352
1ztcA 209
1m0dA 129
3vbhD 58
5c4yA 136
4rptA 144
3i7aA 280
4waiA 91
4dveA 189
2fp8A 302
4jdoA 215
5a12A 242
2q97T 109
2fhzA 106
3w4sA 273
1h70A 255
2nqwA 87
3p1xA 70
2qhqA 119
5aq5A 275
3tqmA 91
3nreA 291
1kv0A 66
4acjA 167
1wcwA 254
4nv0A 299
4fc5A 259
3gm5A 151
1zjcA 413
4mt2A 61
3m21A 65
2gukA 111
4cgsA 168
3d19A 264
3coqA 89
3q6bA 155
3a7rA 337
4x86A 51
4ynhA 58
3bvpA 136
3n3yA 209
1wr8A 230
2iojA 120
3l6iA 171
2otmA 152
3gwnA 113
1qazA 351
1g8eA 98
4m0qA 222
1u7lA 364
3ns6A 99
2oy9A 85
3kxrA 171
3im3A 50
2rh0A 133
2pyqA 114
1wv3A 186
1vqoX 82
2wknA 408
1v7mV 145
2d4gA 168
5dikA 112
3hxaA 100
5by8A 231
3bc1B 52
1q25A 428
2ejnA 146
2guzA 71
4x1cA 57
4at7A 334
2zc2A 75
3dwoX 444
3dt5A 119
1ya5T 89
3vz9B 103
1ecmA 91
2g64A 140
1qs0B 338
3vygC 217
1xqoA 253
3vr0A 244
1tr0A 106
1npbA 140
2pgcA 206
3mhsC 93
3wo6A 212
4watA 332
4x9mA 384
4hi0B 255
1di2A 69
1m8nA 120
3c5kA 108
3t33A 407
4rcjA 188
4z8nA 298
1eaqA 124
3dcdA 300
3towA 152
1lkiA 172
3e8oA 102
2ja4A 101
2gfgA 191
3hlxA 254
4b6iA 100
4lkbA 121
3ed4A 468
3me4A 169
1tt8A 164
1zpvA 85
2i9xA 86
4rb62 70
1nd7A 374
4jonA 122
2nz7A 93
2i7rA 115
1sa3A 262
4bboA 113
4esnA 78
2giaB 146
4kieA 261
1hcuA 488
3vbcA 136
1vgjA 184
1yzyA 412
3k5jA 182
1wnaA 127
1bndA 109
4ftxA 158
1xxqA 154
2edmA 161
3sk2A 132
1pc6A 141
2p3xA 339
3emiA 110
3h8tA 182
3u2gA 274
2bt9A 90
1u84A 81
2c4wA 168
2gaxA 135
3ckmA 318
3vk0A 89
4m1uB 70
4heoA 56
1rzuA 477
1fiuA 286
4o8sA 232
4fzpA 81
3b0dC 75
4noaA 108
4f0zA 357
3tlqA 236
3rq9A 78
2x57A 103
2zvcA 259
3p9vA 158
4rb6U 116
3jsbA 173
4zquB 174
3nj2A 151
4h05A 270
1t61A 223
4npxA 80
3u52C 318
3dsmA 327
3ax2A 70
4abmA 79
4wxsA 259
3jygA 180
3md7A 270
3x37B 130
2v7sA 169
3it5A 182
2bm5A 183
4hquA 95
1o4vA 169
2vvwA 150
2fztA 78
2x5rA 124
2hl7A 82
2ffmA 83
4lqxA 303
1ts9A 98
2odiA 238
3hkvA 192
2d48A 129
4r7kA 168
4ysxD 129
4jxeA 188
1ywmA 180
1aisB 193
4bjjA 106
4ygtA 148
5by4A 105
4dyqA 123
3acxA 284
1iwpG 138
3l4hA 109
3fdeA 209
3rlkA 183
4xhtA 94
2vqpA 254
3g6sA 261
1wchA 308
4mveA 148
2dg1A 321
2ogfA 121
4s12A 295
5cukA 94
3fw9A 495
2ox6A 162
3wu2Z 62
3pf2A 317
2wq4A 134
4p82A 180
1b77A 228
2xqqA 87
1f35A 162
2qasA 120
3mfbA 150
1b35A 260
2d00A 109
1l5xA 276
4qu6A 99
1dbfA 127
3fdsC 249
4ndoB 268
1u8vA 490
2eceA 455
2oo2A 76
3e9vA 120
2fe1A 130
2iieA 204
2gz4A 200
2h1eA 166
4nmxA 92
4dn9A 98
3d5pA 133
3ndqA 97
4q14A 118
3zfpA 148
4n04A 111
2vfrA 418
4gr2A 110
4hbeA 98
4z8tB 98
3lywA 86
3letA 302
4zboA 263
2oltA 214
3ruiA 328
3o2uA 190
4qgpA 108
1nuyA 328
3u0cA 151
1eaiC 61
1u69A 156
4wd8A 268
1tafB 70
2wy8Q 66
1f60B 90
1jb3A 127
1oqjA 90
4x5mA 86
1ylxA 100
3kmaA 105
3napA 264
1huwA 166
3pyfA 296
2gmyA 147
1x92A 194
3e56A 75
1k8kD 284
5d9bA 307
2omoA 105
3n7sC 91
5ajjA 138
4p09A 177
1jdwA 360
3w0tA 176
4lttA 91
1nu7D 282
4zjnA 413
3b55A 408
2r5uA 144
3bm7A 106
3gxqA 53
2ajrA 320
2a22A 193
2aqxA 289
2f6mA 65
1pf5A 130
4lurA 309
1pgxA 70
4fdxA 61
2gh0A 200
3ib5A 342
3k6gA 93
4l3nA 209
2ntkA 206
4tr6A 380
1iujA 102
2dp9A 124
1u2mC 143
4mtmA 137
3hwuA 144
4iqnA 222
2r1fA 260
1k20A 310
4f3jA 143
4lvnP 81
3l0aA 266
3c8iA 127
3ni8A 140
4c9sA 259
1rp0A 278
3pkvA 221
3ag3E 105
3e0zA 107
1n52B 148
4ou9A 481
1f0kA 351
4zmiA 235
3k1sA 109
3vasA 345
3t7dA 459
2p3pA 197
2e9xB 175
2p4oA 302
2in0A 139
3rt3C 94
3eufA 293
3q4oA 169
2arpF 148
4torA 209
3uqcA 246
3oruA 231
1ln1A 203
4ayaA 59
2q3qA 512
2rh3A 121
3ag3J 58
3ednA 299
3f75P 75
4uafE 72
1ecsA 120
4mymA 151
2qudA 125
1wdeA 289
1qw2A 102
1pytA 92
4rsxA 257
3gudA 119
4oogC 261
2r1jL 66
3deeA 200
3vajA 174
3mcsA 217
1nycA 111
4a94C 51
3gqhA 163
3bhpA 52
1kloA 162
3cmbA 265
3bmzA 185
2xdqA 425
4cu5A 85
2guzB 65
4hlsA 97
3lhoA 254
4py6A 132
3earB 50
3lmfA 109
3pg6A 135
2r4fA 420
4bemJ 181
4cqiA 107
1w61A 353
1tuvA 103
2ymvA 327
2p14A 186
1xs0A 128
2pwwA 115
2fb5A 204
4omgA 280
5cozA 347
1ei7A 158
4p78C 66
3s9jA 362
4pwsA 176
3g21A 77
3zbgA 431
3ag3D 144
4ejrA 163
4zdsA 132
4rctA 347
3onjA 97
4q7oA 133
3cx5B 352
4tpsA 140
3dsdA 333
4iz7B 90
3nr1A 178
3l46A 90
4us3A 441
2e52A 299
1gakA 137
5ed9A 71
1xo0A 322
2p38A 155
1stmA 141
2o6kA 72
4p5iA 240
2eeyA 160
4d5bA 312
4r7eA 69
3oziA 170
3le4A 55
1y8xB 92
4hwmA 117
3aeiA 94
2gjvA 136
1y9bA 81
3mtuA 75
1osyA 114
2jdjA 105
3nzzA 286
4jz8A 316
4inoA 302
3trtA 75
1fn9A 365
4n7bA 318
4ct0B 96
3hj4A 381
4kqiA 340
4q5eA 168
4rb5E 148
1m55A 193
1zuoA 162
2cs7A 55
4o6dA 338
2a9uA 134
2hsbA 126
4g2aA 321
3du1X 237
1jyaA 117
3fldA 152
3f1iH 98
2q2gA 176
1t71A 281
4jhgA 163
3eoiA 123
4pqzA 136
3sd4A 69
3k1tA 424
4x0jA 261
1a8rA 221
2hd0A 127
2fb6A 116
3nt8A 401
3n79A 183
3wu2E 81
2q4qA 512
3m66A 270
2r18A 129
2fi9A 118
4oq2A 297
1mbyA 75
4yxcB 167
4mzvA 243
1s2xA 180
4kt6B 161
1ufbA 127
4tpwA 185
2qndA 141
3rmqA 111
3qoyA 242
1ig0A 317
4xqmA 94
2f22A 142
1gyxA 76
1au1A 166
4gi3C 57
2xciA 354
3lzkA 340
1zt3A 80
4k7bA 111
3n5bB 86
1j1vA 94
1twuA 137
1pzwA 80
4mzaA 432
4ksnA 65
2v8qA 102
3t7aA 319
3wurA 162
1rutX 157
1lslA 113
3l2bA 233
2ou6A 183
3gwcA 246
4czxA 324
4nbpA 129
3eipA 84
3o3mB 373
3woeB 104
4q9vA 183
3cpkA 118
2v7qH 131
4mduA 357
2qe8A 337
4ikvA 492
3nzmA 163
4dnyA 109
2jc9A 467
3tl8B 87
3ok8A 219
3pa6A 99
3uunA 116
1hlqA 75
1mwqA 100
3aj1A 151
1gflB 230
1krcA 100
3zuxA 308
1ng6A 148
3tj8A 149
1lisA 131
3floB 180
1lghA 56
3jtpA 92
4hsqA 272
3pf6A 60
4ac7B 122
3dshA 236
3gwkC 98
4kypA 72
4rs7B 88
4x5pA 158
1wpuA 147
4ascA 308
3ze3A 116
1zswA 328
1s68A 233
4zosA 105
2aydA 76
1vqoS 81
1rpoA 61
3q6kA 380
2bkyX 86
3ijwA 265
1vraB 213
3l8qA 338
1twfK 114
4rb5C 206
4jpdA 109
3gbyA 127
1ywfA 241
3tquA 197
4rz9A 179
3agcA 271
1or7C 66
1h3oB 74
1lngA 87
2h7gX 312
5fjzA 262
2q5cA 187
1oruA 182
2e6xA 69
3ag3I 72
3dbyA 257
1mgtA 169
3k4oA 260
4rb6I 146
2grrB 157
3v4kA 186
4zeyA 84
3fjuB 65
4xpzA 364
2bjrA 363
1l8wA 271
2rd9A 189
3b7hA 76
4bkmA 304
5c8qB 151
1n6jA 186
3a8yC 99
4b8vA 189
4bndA 252
3dsoA 66
3gkjA 225
2fphX 165
1rh6A 55
4rgwB 123
2fcwB 78
3zjaA 114
1vqoW 154
2hu9A 130
1vlyA 323
3b9wA 362
3dgpB 63
3qfmA 258
3wvqA 433
4q7gA 300
2ojhA 277
4nyhA 182
1nc7A 116
4g75A 292
3qs2A 173
2fkcA 247
2gomA 61
3n4iB 165
2auwA 151
3t2cA 389
3zzoA 93
4b9pA 166
3qorA 120
3f7cA 199
3ct6A 130
2ejxA 134
2vklA 77
1f32A 127
1dq3A 454
2jg6A 186
1rm6B 323
3hglA 78
2f06A 144
3i1aA 328
2qqyA 139
1syxB 62
4u12A 80
2ox7A 144
2bvfA 453
3i9yA 229
5f4cA 90
4fqnA 95
3uitA 256
4doiA 221
1gmuA 138
4hstA 216
2yqyA 126
3fybA 98
4qr9A 75
3ajvA 168
2wvqA 211
1llnA 262
1eteA 134
3mtsA 62
2rbbA 129
1fr3A 67
3pd7A 94
5ajtA 217
3bchA 197
3tufB 158
1f5qB 247
4a1rA 142
4yhcA 439
3zigA 82
5e3eA 99
3s99A 330
3l8wA 295
2xtlA 449
4rksA 317
3wv7A 201
4peiA 349
3pesA 83
4rjwA 426
2fsqA 232
3mudA 173
3sojA 114
3cxnA 207
4lgtA 251
1lbuA 213
1nkpA 88
4jm1A 84
2r6iA 268
3pf7A 477
2fi0A 79
3vdjA 71
3ag3H 79
4k2jA 138
4o30A 217
4uypB 73
1xppA 99
2i9dA 214
2rjzA 135
4phzC 214
2icgA 159
3lnlA 307
3hfiA 137
3ee4A 289
3p04A 77
4k12B 82
5a41A 127
3lydA 158
2porA 301
4e8bA 242
1cfzA 162
5bmqA 205
2qlwA 108
1zavA 178
1hy5A 120
2j43A 219
3hklA 141
4doyA 400
9wgaA 171
1fjrA 188
2o34A 249
4je3A 244
1fc3A 119
4driB 96
3hs2A 56
2wcjA 141
2yavA 307
4jg9A 139
1t6uA 117
3wcaA 341
3no6A 235
4puxA 157
2pywA 417
3ca7A 50
4w8pA 301
1in0A 162
3w0oA 295
3ty6A 178
3uv0A 97
2ae0X 335
3u1wA 249
1tl2A 235
1pdkB 149
4ay9B 107
1u0tA 267
1zw0A 65
4jquB 54
4hd1A 263
1ydlA 71
2gj2A 79
2o71A 91
2ftrA 103
4makA 73
1n2mC 163
3b8fA 141
2wvfA 134
3wqbB 99
4l9pB 452
3t6pA 330
4n03A 389
1qyiA 380
2ftxB 59
4hpmA 118
2apoB 55
3pu9A 236
4xb6C 353
1nvpD 97
2ftxA 90
2ahmE 155
2oyyA 71
3utkA 95
1h12A 404
2yvtA 257
2inwA 117
1qv9A 282
2xlkA 188
4pgrA 207
1zv1A 59
2xgfA 216
4ocvA 355
4mesA 176
5elkA 121
1m1hA 182
2fj8A 120
3bwuD 121
2a9iA 105
1snzA 344
2dtjA 164
3cb6A 441
3e5zA 290
4i9oA 78
3adyA 102
3onqA 254
3w0eA 68
3uq8A 322
3w1oA 115
3nrwA 104
2zdpA 110
3hz7A 74
4pk9A 359
4f54A 183
4xpmB 67
3d3rA 83
4xfkA 391
4km6A 204
3ucsA 99
3dzaA 180
3jsrA 108
1wu7A 424
4l54A 419
1y0kA 180
4fioA 321
3wfdB 449
4qq0A 198
4byzA 194
3k6qA 139
3p4gA 301
4gipD 375
4yzuB 57
3pdyA 202
4lrvA 107
4pvaA 328
3pmsA 312
5cetA 328
1o3xA 112
2q6qA 62
2ddzA 188
1wmiB 61
4kk7A 385
3k3sA 85
1vtz7 184
1is1A 185
4m0nA 212
3mxaA 301
3r6aA 118
4jf3A 90
1h7cA 103
3irpX 418
2yh9A 66
1rkuA 206
4gquA 191
3q63A 132
2j5yA 61
2q5wE 137
5e3iA 388
3onrA 71
5awvA 498
3dxrB 69
4xo1A 60
2wb6A 114
4e2uA 168
4uf1A 135
2p13A 85
1oa8A 128
1s1dA 317
1uw4A 91
2cc6A 64
4dwrA 483
4qs4A 496
2w6kA 142
3vyxA 95
2y8dA 281
2d4xA 214
3rxyA 276
2xfvA 108
4x9rA 220
2xi7A 184
2xcmC 92
3nfqA 147
3g36A 52
4bsxA 144
2ed6A 170
4nzvA 329
1z0kB 61
3jxoA 84
3bczA 293
3kk4A 125
1cbkA 160
1vljA 398
3ci0J 154
3cvzA 248
4id3A 87
4bkhA 92
4g7xB 102
3kxtA 56
3vbhA 297
3bypA 82
4f0hB 138
3mfnA 125
3fkeA 123
2jekA 140
3p06A 194
1zpsA 124
4h1bA 380
1aihA 170
4errA 82
2hw2A 138
2ynqA 149
2oaaA 247
1vqoP 143
3qauA 421
1jx6A 338
3lx3A 163
2hdzA 66
3u0oA 319
2z7bA 237
4whiA 102
3rklA 80
1lfpA 243
3nmdA 53
4u7iA 93
4zoxA 379
3favB 72
4zc3A 57
3lqnA 138
5bq9A 429
3a32A 465
4ndsA 94
3djeA 436
4j4yA 250
1s7iA 124
1pqhA 119
2xjpA 258
3gz7A 99
2z30B 65
12asA 327
3tl4X 186
1sz7A 159
5cffE 70
3hcsA 157
3p0kA 258
2qdlA 154
1u02A 229
2atzA 176
2jkgA 165
4rocA 302
3lqkA 195
3fy6A 118
4r0sA 162
4kt3B 128
3le2A 393
2eo4A 149
3on1A 99
4annA 176
2i5uA 77
4a0eA 108
3ehdA 158
2p0tA 148
4nooB 95
3vgzA 321
4iwbA 165
2xcmE 74
4rzlA 227
3ioxA 489
3pviA 156
1fx3A 143
3t6gB 134
4n8x1 99
3egwC 224
3a1dA 268
3ej9A 62
4jg4A 114
4im9A 132
1q23A 214
4g7vS 136
1z7kB 62
3uxjA 261
4gizC 142
2nlvA 112
3zk9A 278
1vctA 193
4ke2A 196
4fxiA 94
3zrgA 66
3nkzA 97
1s7zA 106
3uebA 102
1xl3C 91
3cexA 170
3lyhA 120
2a1iA 129
3n9uC 96
3uenA 195
2bykA 72
3nfgB 120
4he7A 54
3s8sA 107
1oo0A 144
3istA 268
3fchA 205
3h87C 72
4pugA 94
3h5lA 397
4mt8A 100
2nn4A 62
2fueA 246
4ap4A 129
3ip4B 482
3mcbA 54
4g92C 117
2af4C 332
3ofgA 91
4qplA 153
4ebjA 258
2gr8A 78
3d5lA 203
1xtyA 120
2pofA 220
3vorA 182
2z0vA 223
2pr7A 137
3mqzA 205
3sqgC 278
1no5A 100
2ghtA 180
4ku0A 92
2uvpA 180
1tigA 88
2qm4A 232
1ka1A 354
4uskA 345
1w94A 155
1lbaA 146
2yopA 177
1u14A 169
1vr7A 120
2ffgA 80
3nrlA 69
1n12A 138
2qlcA 126
2gq0A 256
4csbA 113
4rb5N 60
3bgeA 163
4ay9A 88
4u5wA 116
1icfI 65
4h7wA 187
3c3dA 306
3cvjA 243
3lrtA 284
3fo8D 274
2axwA 134
3hynA 186
4x86B 56
1vykA 129
1cmcA 104
4rhwE 95
4jdxA 102
1vdhA 247
4hddA 66
3d7jA 134
1szhA 147
2eenA 177
4wzxA 87
3godA 320
4wjtA 146
2hnuA 81
1edyA 134
3zqoA 58
4yn9A 153
2wyaA 460
5a6wC 83
4fpwA 157
3k94A 215
4rp3A 91
1u0sA 86
4hi6A 138
2qpvA 133
4n0tA 363
4rpfA 310
1x7oA 267
2acvA 461
2afrA 216
4c12A 493
3i5qA 248
2i7hA 187
3skqA 227
2j3xA 430
3rlfG 286
3o72A 375
3r3pA 97
1uj8A 73
3eopA 169
3no2A 274
1kxpD 438
3r6qA 462
1w78A 414
2zzrA 397
4h5iA 344
4lqbA 130
3lczA 53
3fm2A 134
3oyvA 354
2pbqA 174
3k11A 439
3kl7A 220
1ejbA 168
3lnoA 106
4ei7A 382
2ew0A 175
2hd9A 145
4o87A 318
4eqaC 150
2p8iA 117
4ljrA 213
3cx5H 93
5c39A 51
3c19A 177
1wpbA 168
2a6hA 229
3l20A 154
2j0wA 447
3ijmA 146
3wjtA 178
2w7aA 100
3tysA 75
4wj1A 286
2ijqA 145
5h8aA 170
3lhkA 146
1ojhA 52
1w53A 84
2oxlA 62
1ro7A 258
4p1mA 106
4eneA 444
4e0gA 319
3pn9A 138
3r27A 84
3mw6A 122
3p8cF 156
3wasA 389
2bayA 56
4bk0A 92
1dfuP 94
4afhA 213
4cbkA 68
4l57A 192
1fkmA 322
1mscA 129
4lqeA 149
3ufcX 243
3dfgA 142
3danA 473
3bgyA 226
1nh1A 290
4bjwB 170
1w66A 218
3bb5A 103
4rxuA 340
4gk9A 279
3l4qC 163
4r2yA 64
4rkiA 374
4m5rA 201
5aoxA 76
4chdA 135
1guqA 347
2xvyA 262
2qnlA 162
4hc9A 105
3ck6A 244
3b0bC 75
3zvkA 134
1bd3A 224
3ks7A 391
1scjB 71
3s4oA 163
1h6gA 255
2j73A 103
3gf6A 219
2fqmA 65
5bxgA 151
3vk6A 96
3sxuA 146
4njlA 129
2cxiA 347
1jyoA 130
2z1cA 71
4qtqA 209
3uejA 65
2xvoA 184
3iu6A 143
1zd0A 141
3l1eA 105
4lpqA 204
2hh6A 112
4wl2A 347
4npfX 115
2fywA 267
1vp8A 190
4wxaA 84
4wv4B 93
4u7aA 356
2p0bA 142
2ywkA 84
2o38A 89
3lrqA 82
2aegA 243
4hlbA 95
4wveA 214
2pspA 106
2i44A 317
4jn3A 446
3szyA 413
4p3hA 190
4wxaD 68
4g3oA 53
3zleA 382
2cyjA 117
4xcpA 155
1sknP 74
2es9A 100
1nnwA 251
4r1dB 301
4c0zA 208
2ccqA 99
3aitA 74
2wlvA 144
1to6A 371
3m9qA 89
1jhsA 188
3sjlD 376
3kyeA 120
4bh5A 130
4chgA 133
4ytbA 422
3rvcA 118
4om7A 143
4z80A 466
1tupC 195
4zmkA 71
3gmgA 143
4qlpA 175
3c6fA 137
3ei3B 355
3hg9A 119
4xzfA 121
3fuyA 156
4n77A 195
2pkhA 141
3bh2A 244
1fpzA 176
1y8aA 313
3dffA 266
4u7yA 83
4rgpA 255
2gsvA 67
2j7aC 145
4cndA 169
3bjxA 311
1bgfA 124
3jyzA 150
3mc3A 121
1zkeA 81
3hwpA 288
3epwA 326
3pm2A 173
3lazA 96
3rnmE 51
2ydtA 359
3v68A 248
1gxmA 324
1em9A 147
4cq4A 106
1hyoA 416
2d0oB 108
2j1nA 346
4dn7A 406
3g9gA 250
4pdcE 150
2g7oA 68
2i4lA 439
4wziA 412
3ddeA 232
4rb6V 101
2hkvA 148
1ylmA 143
1jyoE 102
2d7eA 105
3mc8A 257
4zp0A 392
2d8dA 80
3di5A 150
4ecgA 368
3x0uA 425
4phzB 244
1cxzB 86
2zrrA 83
2w2uA 75
3k93A 223
3kmiA 172
16vpA 311
4ps2A 79
2qb7A 393
4yh8A 180
2nx2A 178
4yorA 227
1fsgA 233
3rpfA 145
2x32A 174
4jleA 149
4uzzB 65
4as2A 327
4alyA 211
1h6fA 184
3mhsB 91
2w1jA 195
1s55A 156
3edvA 322
3sumA 135
2x5cA 99
3tegA 405
2opcA 115
4clqA 355
2hy5B 132
2ei9A 214
2qywA 96
1rrvA 401
2rdcA 133
1v5iB 76
1vbwA 68
4uz3A 99
2g8yA 359
3tu3A 119
4mo9A 349
1t6aA 124
2dm9A 118
3sukA 124
2d16A 162
1u7kA 131
2op5A 112
1z8uA 90
3od8A 87
4qu7A 81
1yu5X 67
3h6pC 56
2qycA 102
4k70A 482
3w54A 264
4chhA 157
2fm8A 134
2nvnA 121
4fh0A 95
2c5uA 375
1qrvA 73
3fxhA 113
1dvoA 152
4mu6A 274
4mj7A 157
2c3gA 98
1pieA 388
1jr2A 260
1s2oA 244
4rp9A 451
3klqA 137
3a9bA 374
3aa0B 243
1byrA 152
3fn2A 97
4jnhA 171
3k17A 355
2nw8A 266
2xveA 445
1w8iA 155
4i4m6 55
3nisA 82
4zkqA 388
1vhhA 157
2wm8A 170
3i57A 184
4xalA 90
3h7hB 95
4zvcA 116
2oebA 152
3beyA 89
2pqcA 445
1ldfA 254
2b4hA 227
2ql8A 141
4ebyA 200
1m5hA 297
1o22A 149
1xk5A 204
3kbyA 145
5fmmA 425
4hrzA 125
5budA 391
1inpA 400
3mvaO 324
4h6cA 180
4acfA 475
4rb5P 82
4ll7A 94
1rxqA 174
4lbhA 94
5ag3A 333
2g45A 117
1yf2A 425
1xv5A 401
3vk8A 288
4qa8A 210
4hhxA 104
2hipA 71
2r0yA 283
2e2dC 180
5cosA 56
2vn6B 64
4eo1A 67
2ia7A 111
2h1tA 186
2f1nA 253
1hbnB 442
4eo0A 106
4rb6X 95
4elnA 237
1u5uA 366
4jhyA 156
4l5cA 289
3sy6A 272
3imoA 114
2x3mA 166
3kyqA 193
3h9xA 117
3ooqA 384
3pwxA 224
4u4pA 232
2nxpA 149
1orsC 132
3t3lA 121
3bcyA 146
2b1yA 101
1jniA 62
4g2sA 106
3exmA 210
3a1fA 163
3u97A 77
5djoA 158
3h6pA 60
4qpoA 53
4rb5J 97
3nvwB 334
3b0dB 95
3ffvA 181
2obdA 472
1yfqA 342
4dlhA 177
3k7dA 497
3w36A 470
4lxrJ 64
1r12A 251
3axbA 428
2prvA 153
4mxpA 310
3n9yA 471
4c7aA 117
3evyA 83
4ic4A 372
16pkA 415
2pihA 123
2pn1A 308
3k4tA 70
4kwdA 304
4gimA 306
3fbzA 123
1gsaA 314
3df6A 98
5fd9A 125
1kjnA 152
4bhqA 109
1x6mA 196
2qg3A 195
1tjlA 145
3b5qA 464
1zhsA 113
4yhvA 135
2rbdA 159
2p3hA 98
1mmsA 133
4ebgA 97
3e7mB 421
2a1vA 138
4k0dA 143
2retA 84
3qwgA 93
1yz7A 176
4zevA 290
4zgmA 100
4dm5A 87
3ibwA 79
4baxA 344
1zx3A 86
3ew1A 134
2nnuA 201
3a1gA 73
3nufA 118
1fzvA 100
4mf9A 346
1mgrA 97
2wdqD 105
1vr9A 121
3k6tA 54
3if4A 100
1hulA 108
3qjgA 171
1evsA 163
1hr6A 457
3lhrA 92
4ezfA 75
3zw5A 132
2fclA 156
1ypyA 182
1lr0A 126
1ejfA 110
3oy2A 392
3frrA 186
2pbdP 139
3i24A 143
4mejA 167
2iidA 483
4wfwA 84
2f20A 233
5bq8A 104
4p1zA 127
2i39A 117
1i7nA 308
2v8tA 302
3e0rA 239
1cl8A 261
4g4kA 98
1qkrA 181
3oueA 158
4bfcA 193
3gxhA 156
1vp7A 68
4w5xA 117
1l1sA 111
4ehsA 124
3zpnA 108
1t4aA 80
1zdyA 301
4ga6A 493
4l0nA 51
5bpzA 140
1d02A 197
1sgvA 262
1l3pA 102
4ei0A 301
2od0A 103
2pd1A 103
3ip4C 92
1g6gA 127
2yadA 77
1x9zA 182
1o9yA 71
2gf3A 385
3e1iB 298
1o0wA 238
4zavA 208
2qqzA 123
3bamA 206
1nlqA 105
4wdcA 177
3vrdB 400
4fc9A 171
2ip6A 87
2pijA 59
4dt5A 143
1q8bA 93
3e59A 311
4v2oA 78
3lwtX 457
3ieyB 152
3gi7A 103
3pywA 178
4u9nA 177
4xinA 114
3me0B 128
2gs4A 159
3otgA 391
2endA 137
3zhiA 73
4hhuA 170
2qipA 162
4rleA 116
2j58A 355
4dnnA 50
2e9xA 144
3n1eA 140
4r24B 85
4g9qA 238
2rklA 53
3zqsA 186
4jbuA 276
3mcbB 58
3nzlA 73
2fcjA 114
1b33N 67
3bv6A 353
3tq6A 194
3d2wA 72
4r9iA 378
2vfkA 205
3m03A 93
2croA 65
1kr4A 110
4omfB 280
3zbdA 110
1nfvA 169
2ovgA 58
3v69A 116
3laeA 81
2v8qE 304
4cdbA 488
2qebA 145
3s84A 239
2f4mB 61
2q4wA 512
4bt7A 236
2j9wA 101
4qb0A 95
3omtA 68
4i68A 90
4v0bA 63
2i9iA 221
2pfmA 434
3itwA 123
2zopA 113
3tu8A 210
3kkfA 105
1jixA 351
1aocA 175
4lqkB 135
3gwiA 164
4extA 96
1z6oA 212
2pv4A 145
3rpcA 262
1ugiA 83
3wkgA 410
2gwdA 436
4e1tA 245
4e6kG 57
3ld1A 359
1gs9A 144
4ovyA 305
4uc8A 222
3d6wA 109
3f52A 77
2y3vA 158
1ydxA 374
4qysA 408
4wmyA 283
4wpmA 85
1p35A 299
1lgpA 113
4hfvA 189
3cryA 169
4cijA 267
3fzxA 212
4r78A 287
2p4zA 275
4ysxC 153
3hzaA 162
3o6uA 122
3dxrA 69
3vg8A 105
2jliA 100
4yx7A 65
2vveA 252
4eqqA 102
2ehbD 126
3po8A 98
2idlA 113
3hfwA 357
4ftfA 109
2z72A 338
3kwpA 228
3vbjA 186
2b4jC 82
4qtjA 154
2fz6A 72
3h33A 71
1r1mA 140
2hngA 125
1dhnA 121
4tshA 121
3ctrA 75
4o2hA 137
3aqbA 135
2zvyA 183
2ymaA 135
4g6xA 129
1d2zB 150
1vlpA 418
3aiaA 200
2itbA 199
2aexA 336
4fqgA 186
3ivvA 140
4repA 489
2yztA 67
3lvyA 184
1mpgA 282
3r84A 81
4qasA 197
4lwsB 88
4fa8E 145
3mayA 86
3d2qA 66
2uwjE 70
3onhA 113
3mwdA 424
2ofyA 82
4lu2A 96
4bjzA 395
4yaaA 282
3rgoA 157
3os7A 338
3bjeA 327
3cx5I 57
1cbfA 239
4zqxA 236
1lmiA 131
1c1kA 217
3fcnA 158
3fx7A 84
2q8oA 125
4tt9A 70
1sqwA 176
1tz0A 108
2askA 101
3bd1A 65
4hl9A 95
3d1bA 111
3ghdA 70
3olcX 280
1utgA 70
3qhpA 159
4aqrD 57
3nfgA 94
4feiA 102
1jiwI 105
4j7oA 329
2bykB 89
1hufA 123
3k2yA 103
2pjsA 114
4amuA 344
3tfzA 168
3w42A 199
2g18A 245
4rb6H 174
3gbwA 161
2wu9A 403
2yy3A 91
2cklA 98
1efuD 282
2rk5A 86
4loxA 300
3nvnB 474
1kafA 108
2z7eA 139
3cebA 194
1vmdA 156
2erwA 53
1nmuB 104
1xknA 353
3t8kA 184
4odjA 386
1t07A 81
4ku0D 96
3by5A 123
1gprA 158
3hj9A 215
2posA 94
1gzsB 165
1q9uA 128
1vmgA 83
4c6sA 142
3k3vA 79
3k26A 360
1zhxA 436
3hy0A 441
2gt1A 323
3scyA 356
4c47A 191
2xdhA 138
1jb0F 141
4zv0B 94
3hl6A 189
4rplB 391
1u07A 90
3rbyA 245
4yzgA 294
1xszA 356
4ruqA 236
2incB 322
4wqkA 175
4jemA 157
4m1pA 96
1tuwA 106
3r3qA 153
1vsrA 134
4n1lA 95
2f4iA 176
4f42A 84
4wfcB 118
1r4vA 151
2zd7A 222
2odkA 51
2f60K 60
4f55A 128
4fm3A 95
2cwyA 94
1am9A 80
2oqmA 180
4v3lC 69
3vbhC 242
2pstX 61
3fhfA 214
1vkwA 217
1nbwB 113
3rkgA 258
4rb61 97
3smzA 280
1xkpB 121
3i4zA 438
3d7iA 97
4jehB 221
4u5hA 85
2czsA 70
3k1hA 115
3h31A 72
1qveA 126
2ehpA 124
1tlqA 161
3g5bA 383
4xa7A 226
3kptA 350
4k6nA 352
2uw1A 327
4f0qA 452
2j9cA 117
2ebeA 106
3pqhA 107
1xakA 68
1z6uA 115
4g6dB 198
2qffA 74
4k84A 206
3ihmA 408
3n8bA 75
3rmiA 105
2ca5A 62
1ezgA 82
2wjnM 323
1pjuA 115
4u98A 451
3p42A 234
3d7aA 137
4cguB 81
4ev1A 226
1jb0L 151
2hewF 128
2azeA 149
4wcwA 116
2oitA 434
1dzfA 211
1mn8A 95
3pa8A 245
1pprM 312
4lmsA 80
3pm7A 74
1knvA 290
5ae0A 217
3h36A 78
4xj6A 370
3c2iA 72
2o2xA 209
2phpA 181
3ff5A 54
3ubmA 428
4adnA 213
4uxeA 396
2nr9A 192
3ggmA 75
5cflA 187
3kh5A 278
1he1A 135
2ou3A 160
3f5hA 54
4ipuA 137
4wftA 94
4xvvA 77
3ipjA 95
4wlrB 99
3ka7A 422
4hn7A 85
1qb7A 236
3a5yA 297
3tfgA 183
2bbdA 323
4ymuC 214
1husA 139
1urrA 97
1kxgA 144
2qskA 95
5cyjA 91
2wtpA 93
1skzA 104
1zeeA 363
2rffA 111
3g98A 111
3hnwA 128
1gu9A 172
2zqmA 114
2p12A 166
3ag7A 105
2qtsA 417
4e4wA 261
1cq3A 224
1dfmA 223
4jpkA 169
5elhA 142
5c74A 211
4osnA 110
4jdeA 144
3ouvA 67
3e8tA 216
4esuA 183
3kupA 59
1mrrB 340
4z6mA 359
2yxhA 114
4h9nC 205
1zkpA 251
4pp4A 248
5a3dA 114
4ccgX 75
3q9dA 175
1vmoA 163
3korA 100
3wx4A 98
4hl4A 280
1k0iA 394
4kppA 395
2ghvC 183
1vqoM 194
2w0gA 129
1g8lA 403
2ql2B 59
2w5qA 424
2bsjA 128
2cclB 62
1d9cA 121
4uw9A 228
3iuuA 494
2pd0A 205
1qexA 288
3zieA 83
1wteA 272
3qqzA 243
3klyA 257
3sc0A 237
4lwsA 100
1k4zA 157
3odpA 392
3zghA 177
3o0gD 149
5el3A 108
2wfoA 153
3ieeA 256
3o2iA 93
2fp4B 393
3b9tA 419
4ladB 69
4ml7B 98
2z1dA 366
1d2zA 102
3sltA 305
3vjfA 99
1xdnA 265
3st1A 212
1xxaA 71
4n2pA 143
1ze3H 122
5dpoA 104
3h16A 136
1zzkA 80
3tbnA 87
3fvzA 329
1ucsA 64
1sumB 225
3ry0A 65
1j5uA 127
4woyA 329
4dk2A 260
2zx2A 195
3tm8A 309
1hi9A 274
2ic6A 71
1mn3A 54
1oohA 126
1y2tA 142
3va9A 127
3isqA 376
3dnxA 146
3lxrF 181
1q08A 94
3l7tA 133
3l1nA 155
3b09A 65
3mwqA 256
1eerA 166
3nf5A 156
3ov5A 84
1v9fA 250
4gc1A 275
4ognA 100
3iezA 94
1sk7A 187
2oggA 144
3jz0A 266
4f7gB 170
3tr3A 78
3dd7A 123
3q39A 315
1fxkC 133
4ryoA 151
4mi8A 135
3ufeA 109
3d2yA 257
4ltyA 345
3caoA 102
2qzgA 88
4hwxA 114
3axjB 240
4muqA 251
1f2dA 341
3w61A 80
4u60A 271
2f5gA 130
1a2zA 220
4lj0A 65
4fvgA 109
1rcwA 213
4z48A 240
2nn5A 171
5amhA 106
3n3fA 54
4hi8B 72
4qheA 281
3fblA 82
4p78A 86
4avmA 230
4qxdA 288
2w7qA 192
4hp3C 51
2glzA 149
3clqA 420
1rgxA 89
2ex5A 207
2qjyA 428
1v74A 107
3adrA 259
2zc3A 158
4kp3C 81
1dwkA 156
2pk8A 94
3v33A 163
3g80A 73
2ek1A 79
3h3mA 89
2fcwA 106
4n8nA 102
1x3lA 436
4xb6D 277
3fewX 433
4didB 127
3x37A 113
3tufA 115
2fhzB 93
3zr8X 65
4mo1A 145
3pnxA 160
3ww9A 251
3npdA 113
1tafA 68
1vqoV 65
1zpwX 82
1v33A 346
1vqoE 172
4koqA 169
2zyzA 93
1x6iA 89
2hx0A 138
2dgbA 83
3nnbA 380
3f42A 93
4m5bA 214
2qsaA 101
3wrbA 409
2xt2A 197
3f3bA 115
2db7A 57
4jb3A 218
4k5aA 164
3evsC 85
1xviA 232
4mb7A 273
3vl1A 416
1kp6A 79
4ljoA 216
4i0xB 83
1twfJ 65
1y60A 168
1vq3A 86
3ldqB 111
4psnA 220
2qeuA 132
3lfjA 167
5dmpA 169
1xfkA 324
2xwsA 126
2fhxA 234
2g7cA 245
3obqA 141
1plqA 258
3va4A 111
3rq4A 240
5dncA 354
3db7A 127
1izmA 170
4lhpA 131
3qc7A 164
1z0jB 51
2ot3A 253
3p51A 145
1f3vA 158
4knkA 206
3lqvA 113
4luqC 123
3ci3A 188
3bf4A 115
2gbbA 156
1wqjB 80
2pjuA 186
2h9uA 101
4rb5T 96
4fyyB 147
2hinA 66
2yizA 68
2h7zB 77
1v1hA 103
2fipA 115
4pu5A 438
4q98A 357
3qwlA 272
1e0bA 61
1j24A 133
1ovoA 56
4f8lA 138
1cseI 63
2fygA 128
2ig8A 142
3d2oA 244
4fprA 130
1a0tP 413
3ucgA 88
4qxbB 68
4hdjA 355
3my2A 126
4f1hA 250
4iu3A 207
4yl9A 123
5c8gA 122
1yq5A 144
3a1yA 58
2y1bA 86
5by1A 71
3vpbA 281
2rhkC 63
3ipfA 69
3rriA 132
3mzoA 210
1qh4A 380
3e7hA 102
2idoB 75
3b1bA 310
4alzA 194
3v0rA 130
1wubA 176
1rkiA 101
3nx6A 75
1r0dA 194
1yhmA 362
1s3lA 165
2yf4A 150
1xcrA 313
3lkvA 296
3vpyA 145
3mshA 90
2cveA 190
3fzqA 271
1at0A 145
4j2nA 54
3t7zA 119
4e6fA 171
1gqaA 130
2rjiA 84
4lqzA 131
1jidA 114
3nceA 186
1oaiA 59
3u43A 92
2b2hA 391
4ghuA 190
2p64A 51
2hujA 125
1ft5A 211
1vqoY 142
3kcpA 303
1zmeC 70
3pc7A 81
3o2eA 86
3tbmA 61
3rioA 168
2z5wA 136
4jj9A 152
3t6aA 308
2yk4A 326
1vybA 236
1sppB 112
3ijtA 140
1vqsA 110
3bqxA 139
3aljA 369
4b9gA 146
3qxlA 245
4phqA 291
3k44A 145
4ohcA 221
1k04A 142
4wh5A 158
3rhzA 330
2owyA 306
2fb0A 94
4hc5A 126
4ytwB 168
2q14A 403
3oi8A 156
4haeA 66
4xrtA 302
2j5vA 323
2d1cA 495
1f94A 63
2x9kA 278
4u8fA 213
5czyA 449
3wmqA 94
5dinA 120
3rwxA 252
5cw4A 247
2hiqA 96
1ek9A 428
1sedA 112
3gr5A 153
3znuA 94
2h8eA 120
2wzoA 146
3ivpA 115
1ddzA 481
3oq4A 124
1hfeS 88
1mvhA 269
2qpwA 147
4otnA 123
3jv1A 182
3ub6A 164
2ipbA 219
1kx5A 135
3zzyA 106
4gytA 177
4uexA 81
1sdiA 213
2ebyA 102
4o7jA 157
2g80A 225
2d51A 405
4eg2A 297
3eabA 89
2i9fA 59
4js1A 318
3o6qA 145
3r15A 78
4gehA 198
2y6xA 109
1j27A 98
4qftA 171
3vy8X 341
1b67A 68
3k7xA 348
3gldA 294
2j7aA 495
4a0tA 184
1lshB 174
3w8hB 66
3pnlB 211
4ae4A 114
3fayA 379
2gagB 403
3mx7A 90
1vqoU 53
4nu3A 226
2q52A 512
1ewfA 456
4e4tA 391
4h3wA 313
4jtmA 81
4h4nA 62
1whzA 70
4p3xA 305
3hf5A 115
4rrqA 141
5a9aA 242
4xlzA 267
4joxA 118
2q03A 133
2y4oA 433
4uc1A 157
1sbxA 106
5a8uA 252
3gdwA 135
2vgaA 194
3ca8A 261
1wmiA 88
2vj4A 292
3c9pA 122
3ga3A 133
2z5eA 122
2cxhA 180
1xs1A 193
3hjlA 321
4hd4A 287
1s9rA 409
3mtqA 140
3ultA 114
2xedA 252
2ohwA 128
3r4qA 138
1xqiA 182
4k82A 205
1t1jA 119
4okzA 346
2py8A 120
1ocyA 198
3lhcA 100
2psmA 117
3k63A 120
1i3jA 96
1dmhA 309
1otkA 244
3thgA 99
3na2A 138
2b8iA 77
4nbiA 163
1gxyA 223
1gqeA 362
4egwA 250
3sxuB 102
2wbmA 234
3o10A 139
2qsfX 104
2gpiA 91
4fp5D 98
2y8nB 86
3a2eA 108
2a6cA 76
3fgvA 94
3rojA 347
2qltA 251
3h87A 136
1k8kF 167
4g6tA 128
2p62A 241
3c9aA 208
4i6oA 68
3bp3A 81
4zhbA 104
3ig9A 75
3mlnA 206
3rf3A 257
4je3B 77
4qjvB 94
2f62A 158
2pfxA 191
4i16A 90
3uipD 61
2nsaA 167
1l8rA 101
1io1A 395
2gk4A 229
3s0yA 189
3uidA 163
4opcA 452
4ps6A 130
3byqA 191
2ahmA 77
4qcjA 101
2a4xA 131
2xbgA 308
3pf0A 318
3l48A 81
2b9dA 52
3v7bA 147
3qszA 177
4jp6A 122
2j8bA 78
2nmlA 100
1d2pA 373
1g31A 107
4iabA 142
1h2sB 60
3bpjA 70
2axyA 72
4dthA 356
5a9dA 189
1bouA 132
4bwcA 170
1ahsA 126
2oz9R 104
4mqdA 133
2gboA 82
3oeiC 85
4lw4C 145
3bwsA 407
1kzqA 253
2hp0A 447
1g61A 225
4c1sA 375
4wx0A 256
4ip8A 105
1y44A 269
3abfA 64
5cs2A 147
1feuA 185
1b3tA 147
4rc8A 222
2xrhA 100
3u3zA 189
1yu0A 376
4wy4A 64
2bl2A 156
4qmdA 193
1vqoO 115
3fhvA 150
1x6zA 119
3qy2A 105
3zvkE 57
4ix9A 92
3gnaA 68
2o3gA 76
3mf7A 117
2e85A 156
3ag3F 98
4fkzA 384
3m92A 80
5do6A 57
4fakA 163
4f2lA 61
1uoyA 64
1x31C 195
5an6A 123
1qahA 132
2ps5A 353
3pc6A 99
2ob5A 151
2ogiA 193
2d4rA 146
3dahA 290
1c8zA 265
1vyiA 111
